This is pdfTeX, Version 3.141592653-2.6-1.40.22 (TeX Live 2022/dev/Debian) (preloaded format=pdflatex 2025.11.5)  14 NOV 2025 11:25
entering extended mode
 restricted \write18 enabled.
 file:line:error style messages enabled.
 %&-line parsing enabled.
**/home/henry/gametheory/hxb265/latex_doc/main.tex
(/home/henry/gametheory/hxb265/latex_doc/main.tex
LaTeX2e <2021-11-15> patch level 1
L3 programming layer <2022-01-21> (/usr/share/texlive/texmf-dist/tex/latex/base/article.cls
Document Class: article 2021/10/04 v1.4n Standard LaTeX document class
(/usr/share/texlive/texmf-dist/tex/latex/base/size10.clo
File: size10.clo 2021/10/04 v1.4n Standard LaTeX file (size option)
)
\c@part=\count185
\c@section=\count186
\c@subsection=\count187
\c@subsubsection=\count188
\c@paragraph=\count189
\c@subparagraph=\count190
\c@figure=\count191
\c@table=\count192
\abovecaptionskip=\skip47
\belowcaptionskip=\skip48
\bibindent=\dimen138
) (/usr/share/texlive/texmf-dist/tex/latex/graphics/graphicx.sty
Package: graphicx 2021/09/16 v1.2d Enhanced LaTeX Graphics (DPC,SPQR)
 (/usr/share/texlive/texmf-dist/tex/latex/graphics/keyval.sty
Package: keyval 2014/10/28 v1.15 key=value parser (DPC)
\KV@toks@=\toks16
) (/usr/share/texlive/texmf-dist/tex/latex/graphics/graphics.sty
Package: graphics 2021/03/04 v1.4d Standard LaTeX Graphics (DPC,SPQR)
 (/usr/share/texlive/texmf-dist/tex/latex/graphics/trig.sty
Package: trig 2021/08/11 v1.11 sin cos tan (DPC)
) (/usr/share/texlive/texmf-dist/tex/latex/graphics-cfg/graphics.cfg
File: graphics.cfg 2016/06/04 v1.11 sample graphics configuration
)
Package graphics Info: Driver file: pdftex.def on input line 107.
 (/usr/share/texlive/texmf-dist/tex/latex/graphics-def/pdftex.def
File: pdftex.def 2020/10/05 v1.2a Graphics/color driver for pdftex
))
\Gin@req@height=\dimen139
\Gin@req@width=\dimen140
) (/usr/share/texlive/texmf-dist/tex/latex/amsmath/amsmath.sty
Package: amsmath 2021/10/15 v2.17l AMS math features
\@mathmargin=\skip49

For additional information on amsmath, use the `?' option.
(/usr/share/texlive/texmf-dist/tex/latex/amsmath/amstext.sty
Package: amstext 2021/08/26 v2.01 AMS text
 (/usr/share/texlive/texmf-dist/tex/latex/amsmath/amsgen.sty
File: amsgen.sty 1999/11/30 v2.0 generic functions
\@emptytoks=\toks17
\ex@=\dimen141
)) (/usr/share/texlive/texmf-dist/tex/latex/amsmath/amsbsy.sty
Package: amsbsy 1999/11/29 v1.2d Bold Symbols
\pmbraise@=\dimen142
) (/usr/share/texlive/texmf-dist/tex/latex/amsmath/amsopn.sty
Package: amsopn 2021/08/26 v2.02 operator names
)
\inf@bad=\count193
LaTeX Info: Redefining \frac on input line 234.
\uproot@=\count194
\leftroot@=\count195
LaTeX Info: Redefining \overline on input line 399.
\classnum@=\count196
\DOTSCASE@=\count197
LaTeX Info: Redefining \ldots on input line 496.
LaTeX Info: Redefining \dots on input line 499.
LaTeX Info: Redefining \cdots on input line 620.
\Mathstrutbox@=\box50
\strutbox@=\box51
\big@size=\dimen143
LaTeX Font Info:    Redeclaring font encoding OML on input line 743.
LaTeX Font Info:    Redeclaring font encoding OMS on input line 744.
\macc@depth=\count198
\c@MaxMatrixCols=\count199
\dotsspace@=\muskip16
\c@parentequation=\count266
\dspbrk@lvl=\count267
\tag@help=\toks18
\row@=\count268
\column@=\count269
\maxfields@=\count270
\andhelp@=\toks19
\eqnshift@=\dimen144
\alignsep@=\dimen145
\tagshift@=\dimen146
\tagwidth@=\dimen147
\totwidth@=\dimen148
\lineht@=\dimen149
\@envbody=\toks20
\multlinegap=\skip50
\multlinetaggap=\skip51
\mathdisplay@stack=\toks21
LaTeX Info: Redefining \[ on input line 2938.
LaTeX Info: Redefining \] on input line 2939.
) (/usr/share/texlive/texmf-dist/tex/latex/amsfonts/amssymb.sty
Package: amssymb 2013/01/14 v3.01 AMS font symbols
 (/usr/share/texlive/texmf-dist/tex/latex/amsfonts/amsfonts.sty
Package: amsfonts 2013/01/14 v3.01 Basic AMSFonts support
\symAMSa=\mathgroup4
\symAMSb=\mathgroup5
LaTeX Font Info:    Redeclaring math symbol \hbar on input line 98.
LaTeX Font Info:    Overwriting math alphabet `\mathfrak' in version `bold'
(Font)                  U/euf/m/n --> U/euf/b/n on input line 106.
)) (/usr/share/texlive/texmf-dist/tex/latex/geometry/geometry.sty
Package: geometry 2020/01/02 v5.9 Page Geometry
 (/usr/share/texlive/texmf-dist/tex/generic/iftex/ifvtex.sty
Package: ifvtex 2019/10/25 v1.7 ifvtex legacy package. Use iftex instead.
 (/usr/share/texlive/texmf-dist/tex/generic/iftex/iftex.sty
Package: iftex 2020/03/06 v1.0d TeX engine tests
))
\Gm@cnth=\count271
\Gm@cntv=\count272
\c@Gm@tempcnt=\count273
\Gm@bindingoffset=\dimen150
\Gm@wd@mp=\dimen151
\Gm@odd@mp=\dimen152
\Gm@even@mp=\dimen153
\Gm@layoutwidth=\dimen154
\Gm@layoutheight=\dimen155
\Gm@layouthoffset=\dimen156
\Gm@layoutvoffset=\dimen157
\Gm@dimlist=\toks22
) (/usr/share/texlive/texmf-dist/tex/latex/caption/subcaption.sty
Package: subcaption 2020/10/07 v1.3j Sub-captions (AR)
 (/usr/share/texlive/texmf-dist/tex/latex/caption/caption.sty
Package: caption 2020/10/26 v3.5g Customizing captions (AR)
 (/usr/share/texlive/texmf-dist/tex/latex/caption/caption3.sty
Package: caption3 2020/10/21 v2.2e caption3 kernel (AR)
\captionmargin=\dimen158
\captionmargin@=\dimen159
\captionwidth=\dimen160
\caption@tempdima=\dimen161
\caption@indent=\dimen162
\caption@parindent=\dimen163
\caption@hangindent=\dimen164
Package caption Info: Standard document class detected.
)
\c@caption@flags=\count274
\c@continuedfloat=\count275
)
\c@subfigure=\count276
\c@subtable=\count277
) (/usr/share/texlive/texmf-dist/tex/latex/l3backend/l3backend-pdftex.def
File: l3backend-pdftex.def 2022-01-12 L3 backend support: PDF output (pdfTeX)
\l__color_backend_stack_int=\count278
\l__pdf_internal_box=\box52
) (out/main.aux

LaTeX Warning: Label `fig:placeholder' multiply defined.


LaTeX Warning: Label `fig:placeholder' multiply defined.


LaTeX Warning: Label `fig:placeholder' multiply defined.


LaTeX Warning: Label `fig:placeholder' multiply defined.


LaTeX Warning: Label `fig:placeholder' multiply defined.


LaTeX Warning: Label `fig:placeholder' multiply defined.


LaTeX Warning: Label `fig:placeholder' multiply defined.


LaTeX Warning: Label `fig:placeholder' multiply defined.


LaTeX Warning: Label `fig:placeholder' multiply defined.


LaTeX Warning: Label `fig:sfig1' multiply defined.


LaTeX Warning: Label `sub@fig:sfig1' multiply defined.

)
\openout1 = `main.aux'.

LaTeX Font Info:    Checking defaults for OML/cmm/m/it on input line 14.
LaTeX Font Info:    ... okay on input line 14.
LaTeX Font Info:    Checking defaults for OMS/cmsy/m/n on input line 14.
LaTeX Font Info:    ... okay on input line 14.
LaTeX Font Info:    Checking defaults for OT1/cmr/m/n on input line 14.
LaTeX Font Info:    ... okay on input line 14.
LaTeX Font Info:    Checking defaults for T1/cmr/m/n on input line 14.
LaTeX Font Info:    ... okay on input line 14.
LaTeX Font Info:    Checking defaults for TS1/cmr/m/n on input line 14.
LaTeX Font Info:    ... okay on input line 14.
LaTeX Font Info:    Checking defaults for OMX/cmex/m/n on input line 14.
LaTeX Font Info:    ... okay on input line 14.
LaTeX Font Info:    Checking defaults for U/cmr/m/n on input line 14.
LaTeX Font Info:    ... okay on input line 14.
 (/usr/share/texlive/texmf-dist/tex/context/base/mkii/supp-pdf.mkii
[Loading MPS to PDF converter (version 2006.09.02).]
\scratchcounter=\count279
\scratchdimen=\dimen165
\scratchbox=\box53
\nofMPsegments=\count280
\nofMParguments=\count281
\everyMPshowfont=\toks23
\MPscratchCnt=\count282
\MPscratchDim=\dimen166
\MPnumerator=\count283
\makeMPintoPDFobject=\count284
\everyMPtoPDFconversion=\toks24
) (/usr/share/texlive/texmf-dist/tex/latex/epstopdf-pkg/epstopdf-base.sty
Package: epstopdf-base 2020-01-24 v2.11 Base part for package epstopdf
Package epstopdf-base Info: Redefining graphics rule for `.eps' on input line 485.
 (/usr/share/texlive/texmf-dist/tex/latex/latexconfig/epstopdf-sys.cfg
File: epstopdf-sys.cfg 2010/07/13 v1.3 Configuration of (r)epstopdf for TeX Live
))
*geometry* driver: auto-detecting
*geometry* detected driver: pdftex
*geometry* verbose mode - [ preamble ] result:
* driver: pdftex
* paper: <default>
* layout: <same size as paper>
* layoutoffset:(h,v)=(0.0pt,0.0pt)
* modes: 
* h-part:(L,W,R)=(42.67912pt, 514.71037pt, 56.9055pt)
* v-part:(T,H,B)=(95.39737pt, 627.30263pt, 72.26999pt)
* \paperwidth=614.295pt
* \paperheight=794.96999pt
* \textwidth=514.71037pt
* \textheight=627.30263pt
* \oddsidemargin=-29.59087pt
* \evensidemargin=-29.59087pt
* \topmargin=-13.87262pt
* \headheight=12.0pt
* \headsep=25.0pt
* \topskip=10.0pt
* \footskip=30.0pt
* \marginparwidth=65.0pt
* \marginparsep=11.0pt
* \columnsep=10.0pt
* \skip\footins=9.0pt plus 4.0pt minus 2.0pt
* \hoffset=0.0pt
* \voffset=0.0pt
* \mag=1000
* \@twocolumnfalse
* \@twosidefalse
* \@mparswitchfalse
* \@reversemarginfalse
* (1in=72.27pt=25.4mm, 1cm=28.453pt)

Package caption Info: Begin \AtBeginDocument code.
Package caption Info: End \AtBeginDocument code.
LaTeX Font Info:    Trying to load font information for U+msa on input line 16.
(/usr/share/texlive/texmf-dist/tex/latex/amsfonts/umsa.fd
File: umsa.fd 2013/01/14 v3.01 AMS symbols A
)
LaTeX Font Info:    Trying to load font information for U+msb on input line 16.
 (/usr/share/texlive/texmf-dist/tex/latex/amsfonts/umsb.fd
File: umsb.fd 2013/01/14 v3.01 AMS symbols B
) [1

{/var/lib/texmf/fonts/map/pdftex/updmap/pdftex.map}] [2]
<images/3d.png, id=21, 824.07875pt x 324.21124pt>
File: images/3d.png Graphic file (type png)
<use images/3d.png>
Package pdftex.def Info: images/3d.png  used on input line 225.
(pdftex.def)             Requested size: 514.71037pt x 202.49796pt.


LaTeX Warning: `h' float specifier changed to `ht'.

<images/moran_time_series.png, id=23, 1435.2822pt x 772.5663pt>
File: images/moran_time_series.png Graphic file (type png)
<use images/moran_time_series.png>
Package pdftex.def Info: images/moran_time_series.png  used on input line 235.
(pdftex.def)             Requested size: 360.29568pt x 193.93092pt.
[3]
<images/lu_timeseries.png, id=27, 2027.575pt x 1100.11pt>
File: images/lu_timeseries.png Graphic file (type png)
<use images/lu_timeseries.png>
Package pdftex.def Info: images/lu_timeseries.png  used on input line 245.
(pdftex.def)             Requested size: 360.29568pt x 195.47652pt.


LaTeX Warning: `h' float specifier changed to `ht'.

[4 <./images/3d.png> <./images/moran_time_series.png>]
Underfull \hbox (badness 10000) in paragraph at lines 281--283

 []

[5 <./images/lu_timeseries.png>]
Package epstopdf Info: Source file: <images/moran_reversal.eps>
(epstopdf)                    date: 2025-11-10 20:00:18
(epstopdf)                    size: 51606 bytes
(epstopdf)             Output file: <images/moran_reversal-eps-converted-to.pdf>
(epstopdf)                    date: 2025-11-10 20:00:18
(epstopdf)                    size: 20396 bytes
(epstopdf)             Command: <repstopdf --outfile=images/moran_reversal-eps-converted-to.pdf images/moran_reversal.eps>
(epstopdf)             \includegraphics on input line 324.
Package epstopdf Info: Output file is already uptodate.
<images/moran_reversal-eps-converted-to.pdf, id=40, 436.63126pt x 273.02pt>
File: images/moran_reversal-eps-converted-to.pdf Graphic file (type pdf)
<use images/moran_reversal-eps-converted-to.pdf>
Package pdftex.def Info: images/moran_reversal-eps-converted-to.pdf  used on input line 324.
(pdftex.def)             Requested size: 308.82936pt x 193.10818pt.
<images/drift_reversal_rps.png, id=41, 1621.05624pt x 850.17625pt>
File: images/drift_reversal_rps.png Graphic file (type png)
<use images/drift_reversal_rps.png>
Package pdftex.def Info: images/drift_reversal_rps.png  used on input line 331.
(pdftex.def)             Requested size: 308.82936pt x 161.96326pt.
Package epstopdf Info: Source file: <images/drift_4.eps>
(epstopdf)                    date: 2025-11-10 20:00:18
(epstopdf)                    size: 241314 bytes
(epstopdf)             Output file: <images/drift_4-eps-converted-to.pdf>
(epstopdf)                    date: 2025-11-10 20:00:18
(epstopdf)                    size: 17301 bytes
(epstopdf)             Command: <repstopdf --outfile=images/drift_4-eps-converted-to.pdf images/drift_4.eps>
(epstopdf)             \includegraphics on input line 339.
Package epstopdf Info: Output file is already uptodate.
<images/drift_4-eps-converted-to.pdf, id=42, 402.50375pt x 272.01625pt>
File: images/drift_4-eps-converted-to.pdf Graphic file (type pdf)
<use images/drift_4-eps-converted-to.pdf>
Package pdftex.def Info: images/drift_4-eps-converted-to.pdf  used on input line 339.
(pdftex.def)             Requested size: 308.82936pt x 208.71019pt.
Package epstopdf Info: Source file: <beta_test.eps>
(epstopdf)                    date: 2025-11-10 20:00:18
(epstopdf)                    size: 41923 bytes
(epstopdf)             Output file: <beta_test-eps-converted-to.pdf>
(epstopdf)                    date: 2025-11-10 20:00:18
(epstopdf)                    size: 18454 bytes
(epstopdf)             Command: <repstopdf --outfile=beta_test-eps-converted-to.pdf beta_test.eps>
(epstopdf)             \includegraphics on input line 347.
Package epstopdf Info: Output file is already uptodate.
<beta_test-eps-converted-to.pdf, id=43, 442.65375pt x 322.20375pt>
File: beta_test-eps-converted-to.pdf Graphic file (type pdf)
<use beta_test-eps-converted-to.pdf>
Package pdftex.def Info: beta_test-eps-converted-to.pdf  used on input line 347.
(pdftex.def)             Requested size: 257.35518pt x 187.33553pt.


LaTeX Warning: `h' float specifier changed to `ht'.

[6 <./images/moran_reversal-eps-converted-to.pdf> <./images/drift_reversal_rps.png>]
Package epstopdf Info: Source file: <parameter_tests/fixed_n_gamma_beta.eps>
(epstopdf)                    date: 2025-11-10 20:00:18
(epstopdf)                    size: 40695 bytes
(epstopdf)             Output file: <parameter_tests/fixed_n_gamma_beta-eps-converted-to.pdf>
(epstopdf)                    date: 2025-11-10 20:00:18
(epstopdf)                    size: 18719 bytes
(epstopdf)             Command: <repstopdf --outfile=parameter_tests/fixed_n_gamma_beta-eps-converted-to.pdf parameter_tests/fixed_n_gamma_beta.eps>
(epstopdf)             \includegraphics on input line 372.
Package epstopdf Info: Output file is already uptodate.
<parameter_tests/fixed_n_gamma_beta-eps-converted-to.pdf, id=78, 259.97125pt x 159.59625pt>
File: parameter_tests/fixed_n_gamma_beta-eps-converted-to.pdf Graphic file (type pdf)
<use parameter_tests/fixed_n_gamma_beta-eps-converted-to.pdf>
Package pdftex.def Info: parameter_tests/fixed_n_gamma_beta-eps-converted-to.pdf  used on input line 372.
(pdftex.def)             Requested size: 308.82936pt x 189.59067pt.


LaTeX Warning: `h' float specifier changed to `ht'.

Package epstopdf Info: Source file: <parameter_tests/fixed_gamma_parameter.eps>
(epstopdf)                    date: 2025-11-10 20:00:18
(epstopdf)                    size: 40937 bytes
(epstopdf)             Output file: <parameter_tests/fixed_gamma_parameter-eps-converted-to.pdf>
(epstopdf)                    date: 2025-11-10 20:00:18
(epstopdf)                    size: 16854 bytes
(epstopdf)             Command: <repstopdf --outfile=parameter_tests/fixed_gamma_parameter-eps-converted-to.pdf parameter_tests/fixed_gamma_parameter.eps>
(epstopdf)             \includegraphics on input line 379.
Package epstopdf Info: Output file is already uptodate.
<parameter_tests/fixed_gamma_parameter-eps-converted-to.pdf, id=79, 674.52pt x 539.01375pt>
File: parameter_tests/fixed_gamma_parameter-eps-converted-to.pdf Graphic file (type pdf)
<use parameter_tests/fixed_gamma_parameter-eps-converted-to.pdf>
Package pdftex.def Info: parameter_tests/fixed_gamma_parameter-eps-converted-to.pdf  used on input line 379.
(pdftex.def)             Requested size: 308.82936pt x 246.78964pt.

LaTeX Warning: `h' float specifier changed to `ht'.

[7 <./images/drift_4-eps-converted-to.pdf>] [8 <./beta_test-eps-converted-to.pdf> <./parameter_tests/fixed_n_gamma_beta-eps-converted-to.pdf>] [9 <./parameter_tests/fixed_gamma_parameter-eps-converted-to.pdf>]
<images/critN.png, id=202, 2027.575pt x 1100.11pt>
File: images/critN.png Graphic file (type png)
<use images/critN.png>
Package pdftex.def Info: images/critN.png  used on input line 401.
(pdftex.def)             Requested size: 308.82936pt x 167.5609pt.
Package epstopdf Info: Source file: <images/w_test.eps>
(epstopdf)                    date: 2025-11-10 20:00:18
(epstopdf)                    size: 32251 bytes
(epstopdf)             Output file: <images/w_test-eps-converted-to.pdf>
(epstopdf)                    date: 2025-11-10 20:00:18
(epstopdf)                    size: 9812 bytes
(epstopdf)             Command: <repstopdf --outfile=images/w_test-eps-converted-to.pdf images/w_test.eps>
(epstopdf)             \includegraphics on input line 408.
Package epstopdf Info: Output file is already uptodate.
<images/w_test-eps-converted-to.pdf, id=203, 356.33125pt x 300.12125pt>
File: images/w_test-eps-converted-to.pdf Graphic file (type pdf)
<use images/w_test-eps-converted-to.pdf>
Package pdftex.def Info: images/w_test-eps-converted-to.pdf  used on input line 408.
(pdftex.def)             Requested size: 257.35518pt x 216.7649pt.
Package epstopdf Info: Source file: <parameter_tests/crit_n_beta.eps>
(epstopdf)                    date: 2025-11-10 20:00:18
(epstopdf)                    size: 29473 bytes
(epstopdf)             Output file: <parameter_tests/crit_n_beta-eps-converted-to.pdf>
(epstopdf)                    date: 2025-11-10 20:00:18
(epstopdf)                    size: 10305 bytes
(epstopdf)             Command: <repstopdf --outfile=parameter_tests/crit_n_beta-eps-converted-to.pdf parameter_tests/crit_n_beta.eps>
(epstopdf)             \includegraphics on input line 419.
Package epstopdf Info: Output file is already uptodate.
<parameter_tests/crit_n_beta-eps-converted-to.pdf, id=204, 303.1325pt x 216.81pt>
File: parameter_tests/crit_n_beta-eps-converted-to.pdf Graphic file (type pdf)
<use parameter_tests/crit_n_beta-eps-converted-to.pdf>
Package pdftex.def Info: parameter_tests/crit_n_beta-eps-converted-to.pdf  used on input line 419.
(pdftex.def)             Requested size: 257.35518pt x 184.07101pt.


LaTeX Warning: `h' float specifier changed to `ht'.

Package epstopdf Info: Source file: <parameter_tests/crit_n_gamma.eps>
(epstopdf)                    date: 2025-11-10 20:00:18
(epstopdf)                    size: 30718 bytes
(epstopdf)             Output file: <parameter_tests/crit_n_gamma-eps-converted-to.pdf>
(epstopdf)                    date: 2025-11-10 20:00:18
(epstopdf)                    size: 10286 bytes
(epstopdf)             Command: <repstopdf --outfile=parameter_tests/crit_n_gamma-eps-converted-to.pdf parameter_tests/crit_n_gamma.eps>
(epstopdf)             \includegraphics on input line 426.
Package epstopdf Info: Output file is already uptodate.
<parameter_tests/crit_n_gamma-eps-converted-to.pdf, id=205, 358.33875pt x 241.90375pt>
File: parameter_tests/crit_n_gamma-eps-converted-to.pdf Graphic file (type pdf)
<use parameter_tests/crit_n_gamma-eps-converted-to.pdf>
Package pdftex.def Info: parameter_tests/crit_n_gamma-eps-converted-to.pdf  used on input line 426.
(pdftex.def)             Requested size: 257.35518pt x 173.74239pt.

LaTeX Warning: `h' float specifier changed to `ht'.

[10

 <./images/critN.png> <./images/w_test-eps-converted-to.pdf>] [11 <./parameter_tests/crit_n_beta-eps-converted-to.pdf> <./parameter_tests/crit_n_gamma-eps-converted-to.pdf>]
<images/initial_cloud.png, id=260, 872.25874pt x 828.09375pt>
File: images/initial_cloud.png Graphic file (type png)
<use images/initial_cloud.png>
Package pdftex.def Info: images/initial_cloud.png  used on input line 440.
(pdftex.def)             Requested size: 154.41467pt x 146.58649pt.
<images/point_cloud_2.png, id=261, 756.8275pt x 734.745pt>
File: images/point_cloud_2.png Graphic file (type png)
<use images/point_cloud_2.png>
Package pdftex.def Info: images/point_cloud_2.png  used on input line 446.
(pdftex.def)             Requested size: 154.41467pt x 149.90617pt.
<images/point_cloud_3.png, id=262, 664.4825pt x 682.55pt>
File: images/point_cloud_3.png Graphic file (type png)
<use images/point_cloud_3.png>
Package pdftex.def Info: images/point_cloud_3.png  used on input line 452.
(pdftex.def)             Requested size: 154.41467pt x 158.60791pt.
<images/point_cloud_4.png, id=263, 863.225pt x 765.86125pt>
File: images/point_cloud_4.png Graphic file (type png)
<use images/point_cloud_4.png>
Package pdftex.def Info: images/point_cloud_4.png  used on input line 462.
(pdftex.def)             Requested size: 205.881pt x 182.65353pt.
<images/point_cloud_5.png, id=264, 657.45625pt x 678.535pt>
File: images/point_cloud_5.png Graphic file (type png)
<use images/point_cloud_5.png>
Package pdftex.def Info: images/point_cloud_5.png  used on input line 468.
(pdftex.def)             Requested size: 257.35518pt x 265.61118pt.
<images/50000POP.png, id=265, 693.59125pt x 602.25pt>
File: images/50000POP.png Graphic file (type png)
<use images/50000POP.png>
Package pdftex.def Info: images/50000POP.png  used on input line 474.
(pdftex.def)             Requested size: 257.35518pt x 223.46309pt.
File: images/50000POP.png Graphic file (type png)
<use images/50000POP.png>
Package pdftex.def Info: images/50000POP.png  used on input line 481.
(pdftex.def)             Requested size: 257.35518pt x 223.46309pt.
<images/850POP.png, id=266, 725.71124pt x 766.865pt>
File: images/850POP.png Graphic file (type png)
<use images/850POP.png>
Package pdftex.def Info: images/850POP.png  used on input line 486.
(pdftex.def)             Requested size: 257.35518pt x 271.9523pt.
<images/RPS_cross_fist.png, id=267, 1660.2025pt x 846.16125pt>
File: images/RPS_cross_fist.png Graphic file (type png)
<use images/RPS_cross_fist.png>
Package pdftex.def Info: images/RPS_cross_fist.png  used on input line 496.
(pdftex.def)             Requested size: 514.71037pt x 262.3331pt.


LaTeX Warning: `h' float specifier changed to `ht'.

[12 <./images/initial_cloud.png> <./images/point_cloud_2.png> <./images/point_cloud_3.png> <./images/point_cloud_4.png>] [13 <./images/point_cloud_5.png> <./images/50000POP.png>] [14 <./images/850POP.png> <./images/RPS_cross_fist.png>] (./main.bbl) [15


] (out/main.aux)

LaTeX Warning: There were multiply-defined labels.

 ) 
Here is how much of TeX's memory you used:
 4597 strings out of 480247
 76768 string characters out of 5896151
 377168 words of memory out of 5000000
 22486 multiletter control sequences out of 15000+600000
 479013 words of font info for 66 fonts, out of 8000000 for 9000
 14 hyphenation exceptions out of 8191
 67i,16n,77p,727b,512s stack positions out of 5000i,500n,10000p,200000b,80000s
</usr/share/texlive/texmf-dist/fonts/type1/public/amsfonts/cm/cmbx12.pfb></usr/share/texlive/texmf-dist/fonts/type1/public/amsfonts/cm/cmbx9.pfb></usr/share/texlive/texmf-dist/fonts/type1/public/amsfonts/cm/cmex10.pfb></usr/share/texlive/texmf-dist/fonts/type1/public/amsfonts/cm/cmmi10.pfb></usr/share/texlive/texmf-dist/fonts/type1/public/amsfonts/cm/cmmi12.pfb></usr/share/texlive/texmf-dist/fonts/type1/public/amsfonts/cm/cmmi7.pfb></usr/share/texlive/texmf-dist/fonts/type1/public/amsfonts/cm/cmmi8.pfb></usr/share/texlive/texmf-dist/fonts/type1/public/amsfonts/cm/cmmi9.pfb></usr/share/texlive/texmf-dist/fonts/type1/public/amsfonts/cm/cmr10.pfb></usr/share/texlive/texmf-dist/fonts/type1/public/amsfonts/cm/cmr12.pfb></usr/share/texlive/texmf-dist/fonts/type1/public/amsfonts/cm/cmr17.pfb></usr/share/texlive/texmf-dist/fonts/type1/public/amsfonts/cm/cmr7.pfb></usr/share/texlive/texmf-dist/fonts/type1/public/amsfonts/cm/cmr9.pfb></usr/share/texlive/texmf-dist/fonts/type1/public/amsfonts/cm/cmsy10.pfb></usr/share/texlive/texmf-dist/fonts/type1/public/amsfonts/cm/cmsy7.pfb></usr/share/texlive/texmf-dist/fonts/type1/public/amsfonts/cm/cmsy8.pfb></usr/share/texlive/texmf-dist/fonts/type1/public/amsfonts/cm/cmti10.pfb>
Output written on out/main.pdf (15 pages, 1692869 bytes).
PDF statistics:
 359 PDF objects out of 1000 (max. 8388607)
 149 compressed objects within 2 object streams
 0 named destinations out of 1000 (max. 500000)
 106 words of extra memory for PDF output out of 10000 (max. 10000000)

