\BOOKMARK [0][-]{section*.2}{\376\377\000C\000o\000m\000b\000i\000n\000e\000d\000\040\000a\000n\000d\000\040\000C\000o\000m\000p\000o\000s\000i\000t\000e\000\040\000G\000a\000m\000e\000s\000\040\000i\000n\000\040\000E\000v\000o\000l\000u\000t\000i\000o\000n\000a\000r\000y\000\040\000G\000a\000m\000e\000\040\000T\000h\000e\000o\000r\000y}{}% 2
\BOOKMARK [1][-]{section*.1}{\376\377\000A\000b\000s\000t\000r\000a\000c\000t}{section*.2}% 1
\BOOKMARK [1][-]{section*.3}{\376\377\000I\000n\000t\000r\000o\000d\000u\000c\000t\000i\000o\000n}{section*.2}% 3
\BOOKMARK [2][-]{section*.4}{\376\377\000\040\000R\000o\000c\000k\000-\000P\000a\000p\000e\000r\000-\000S\000c\000i\000s\000s\000o\000r\000s}{section*.3}% 4
\BOOKMARK [2][-]{section*.5}{\376\377\000\040\000S\000n\000o\000w\000d\000r\000i\000f\000t}{section*.3}% 5
\BOOKMARK [1][-]{section*.6}{\376\377\000C\000o\000m\000b\000i\000n\000e\000d\000\040\000g\000a\000m\000e\000\040\000d\000e\000f\000i\000n\000i\000t\000i\000o\000n}{section*.2}% 6
\BOOKMARK [2][-]{section*.7}{\376\377\000R\000e\000p\000l\000i\000c\000a\000t\000o\000r\000\040\000d\000y\000n\000a\000m\000i\000c\000s}{section*.6}% 7
\BOOKMARK [1][-]{section*.8}{\376\377\000M\000o\000d\000e\000l\000\040\000a\000n\000d\000\040\000S\000t\000o\000c\000h\000a\000s\000t\000i\000c\000\040\000D\000y\000n\000a\000m\000i\000c\000s}{section*.2}% 8
\BOOKMARK [1][-]{section*.9}{\376\377\000I\000n\000t\000e\000r\000a\000c\000t\000i\000o\000n\000\040\000p\000r\000o\000c\000e\000s\000s\000e\000s}{section*.2}% 9
\BOOKMARK [2][-]{section*.10}{\376\377\000G\000e\000n\000e\000r\000a\000l\000\040\000f\000o\000r\000m}{section*.9}% 10
\BOOKMARK [1][-]{section*.11}{\376\377\000\040\000F\000o\000k\000k\000e\000r\000-\000P\000l\000a\000n\000c\000k\000\040\000E\000q\000u\000a\000t\000i\000o\000n}{section*.2}% 11
\BOOKMARK [2][-]{section*.12}{\376\377\000D\000e\000t\000e\000r\000m\000i\000n\000i\000s\000t\000i\000c\000\040\000d\000y\000n\000a\000m\000i\000c\000s}{section*.11}% 12
\BOOKMARK [1][-]{section*.13}{\376\377\000D\000r\000i\000f\000t\000\040\000M\000e\000a\000s\000u\000r\000e\000s}{section*.2}% 13
\BOOKMARK [2][-]{section*.14}{\376\377\000S\000n\000o\000w\000d\000r\000i\000f\000t\000\040\000D\000r\000i\000f\000t}{section*.13}% 14
\BOOKMARK [2][-]{section*.15}{\376\377\000R\000o\000c\000k\000-\000P\000a\000p\000e\000r\000-\000S\000c\000i\000s\000s\000o\000r\000s\000\040\000D\000r\000i\000f\000t}{section*.13}% 15
\BOOKMARK [2][-]{section*.16}{\376\377\000F\000o\000u\000r\000-\000S\000t\000r\000a\000t\000e\000g\000y\000\040\000C\000o\000e\000x\000i\000s\000t\000e\000n\000c\000e\000\040\000D\000r\000i\000f\000t}{section*.13}% 16
\BOOKMARK [2][-]{section*.17}{\376\377\000W\000e\000a\000k\000\040\000s\000e\000l\000e\000c\000t\000i\000o\000n\000\040\000l\000i\000m\000i\000t}{section*.13}% 17
\BOOKMARK [2][-]{section*.18}{\376\377\000L\000o\000c\000a\000l\000\040\000u\000p\000d\000a\000t\000e\000\040\000a\000n\000a\000l\000y\000t\000i\000c\000a\000l\000\040\000s\000o\000l\000u\000t\000i\000o\000n\000s}{section*.13}% 18
\BOOKMARK [2][-]{section*.19}{\376\377\000D\000r\000i\000f\000t\000\040\000r\000e\000v\000e\000r\000s\000a\000l\000\040\000a\000n\000d\000\040\000c\000o\000m\000p\000a\000r\000i\000s\000o\000n\000\040\000o\000f\000\040\000d\000r\000i\000f\000t\000\040\000m\000e\000a\000s\000u\000r\000e\000s}{section*.13}% 19
\BOOKMARK [1][-]{section*.20}{\376\377\000C\000o\000n\000c\000l\000u\000s\000i\000o\000n}{section*.2}% 20
\BOOKMARK [1][-]{section*.21}{\376\377\000R\000e\000f\000e\000r\000e\000n\000c\000e\000s}{section*.2}% 21
